{
  "stats": {
    "suites": 1,
    "tests": 1,
    "passes": 1,
    "pending": 0,
    "failures": 0,
    "start": "2023-08-13T17:12:47.892Z",
    "end": "2023-08-13T17:13:20.537Z",
    "duration": 32645,
    "testsRegistered": 1,
    "passPercent": 100,
    "pendingPercent": 0,
    "other": 0,
    "hasOther": false,
    "skipped": 0,
    "hasSkipped": false
  },
  "results": [
    {
      "uuid": "709ebc40-cb30-424b-ba2e-884ac52bd4d4",
      "title": "",
      "fullFile": "cypress\\e2e\\logintest.cy.js",
      "file": "cypress\\e2e\\logintest.cy.js",
      "beforeHooks": [],
      "afterHooks": [],
      "tests": [],
      "suites": [
        {
          "uuid": "261605bd-aeb1-4397-b44d-44295903fa11",
          "title": "Login Page test suite",
          "fullFile": "",
          "file": "",
          "beforeHooks": [],
          "afterHooks": [],
          "tests": [
            {
              "title": "Verify login with correct credentials",
              "fullTitle": "Login Page test suite Verify login with correct credentials",
              "timedOut": null,
              "duration": 27415,
              "state": "passed",
              "speed": "slow",
              "pass": true,
              "fail": false,
              "pending": false,
              "context": "{\n  \"title\": \"cypress-mochawesome-reporter-videos-passed\",\n  \"value\": \"cypress\\\\e2e\\\\logintest.cy.js\"\n}",
              "code": "cy.get('.builderNowCta').click();\ncy.get('.topPart > .closeButton > .icon-cancel').click();\ncy.get('li > button').click();\ncy.get('#loginEmailInput').type(jsonData.username);\ncy.xpath(\"//input[@type='password']\").type(jsonData.password);\ncy.xpath(\"//button[contains(text(),'Sign in')]\").click();\ncy.get('.userProfile').should('be.visible');",
              "err": {},
              "uuid": "0424f674-70a3-4882-b172-1629156f48b6",
              "parentUUID": "261605bd-aeb1-4397-b44d-44295903fa11",
              "isHook": false,
              "skipped": false
            }
          ],
          "suites": [],
          "passes": [
            "0424f674-70a3-4882-b172-1629156f48b6"
          ],
          "failures": [],
          "pending": [],
          "skipped": [],
          "duration": 27415,
          "root": false,
          "rootEmpty": false,
          "_timeout": 2000
        }
      ],
      "passes": [],
      "failures": [],
      "pending": [],
      "skipped": [],
      "duration": 0,
      "root": true,
      "rootEmpty": true,
      "_timeout": 2000
    }
  ],
  "meta": {
    "mocha": {
      "version": "7.0.1"
    },
    "mochawesome": {
      "options": {
        "quiet": false,
        "reportFilename": "mochawesome",
        "saveHtml": false,
        "saveJson": true,
        "consoleReporter": "spec",
        "useInlineDiffs": false,
        "code": true
      },
      "version": "7.1.3"
    },
    "marge": {
      "options": {
        "overwrite": false,
        "html": false,
        "json": true,
        "reportDir": "cypress\\reports\\html\\.jsons"
      },
      "version": "6.2.0"
    }
  }
}